[02-Feb-2017 18:09:54] NOTICE: configuration file /etc/php/7.0/fpm/php-fpm.conf test is successful

[02-Feb-2017 18:09:54] NOTICE: fpm is running, pid 176
[02-Feb-2017 18:09:54] NOTICE: ready to handle connections
[02-Feb-2017 18:09:54] NOTICE: systemd monitor interval set to 10000ms
[03-Feb-2017 16:38:10] NOTICE: configuration file /etc/php/7.0/fpm/php-fpm.conf test is successful

[03-Feb-2017 16:38:11] NOTICE: fpm is running, pid 106
[03-Feb-2017 16:38:11] NOTICE: ready to handle connections
[03-Feb-2017 16:38:11] NOTICE: systemd monitor interval set to 10000ms
[06-Feb-2017 19:51:32] NOTICE: configuration file /etc/php/7.0/fpm/php-fpm.conf test is successful

[06-Feb-2017 19:51:32] NOTICE: fpm is running, pid 72
[06-Feb-2017 19:51:32] NOTICE: ready to handle connections
[06-Feb-2017 19:51:32] NOTICE: systemd monitor interval set to 10000ms
[06-Feb-2017 20:25:58] NOTICE: Terminating ...
[06-Feb-2017 20:25:58] NOTICE: exiting, bye-bye!
[06-Feb-2017 20:25:58] NOTICE: fpm is running, pid 265
[06-Feb-2017 20:25:58] NOTICE: ready to handle connections
[06-Feb-2017 20:25:58] NOTICE: systemd monitor interval set to 10000ms
[09-Feb-2017 22:23:07] NOTICE: configuration file /etc/php/7.0/fpm/php-fpm.conf test is successful

[09-Feb-2017 22:23:07] NOTICE: fpm is running, pid 74
[09-Feb-2017 22:23:07] NOTICE: ready to handle connections
[09-Feb-2017 22:23:07] NOTICE: systemd monitor interval set to 10000ms
[20-Feb-2017 22:56:05] NOTICE: configuration file /etc/php/7.0/fpm/php-fpm.conf test is successful

[20-Feb-2017 22:56:05] NOTICE: fpm is running, pid 73
[20-Feb-2017 22:56:05] NOTICE: ready to handle connections
[20-Feb-2017 22:56:05] NOTICE: systemd monitor interval set to 10000ms
